<?xml version="1.0" encoding="UTF-8"?>
<!-- Generated by org.testng.reporters.JUnitReportReporter -->
<testsuite skipped="0" hostname="DESKTOP-3IRO1NL" name="com.LarnautomationTestcase.LoginTestCRM" tests="1" failures="0" timestamp="21 Jan 2020 01:15:51 GMT" time="12.538" errors="0">
  <testcase name="loginApp" time="12.538" classname="com.LarnautomationTestcase.LoginTestCRM"/>
</testsuite> <!-- com.LarnautomationTestcase.LoginTestCRM -->
